2024-08-08T00:37:18+00:00 ERROR Empty response in data feed
2024-08-08T00:37:43+00:00 ERROR Empty response in data feed
2024-08-08T00:37:44+00:00 ERROR Empty response in data feed
2024-08-08T00:37:44+00:00 ERROR Empty response in data feed
2024-08-08T00:44:24+00:00 ERROR Empty response in data feed
2024-08-08T00:44:25+00:00 ERROR Empty response in data feed
2024-08-08T00:44:25+00:00 ERROR Empty response in data feed
2024-08-08T01:24:34+00:00 ERROR Empty response in data feed
2024-08-08T01:24:35+00:00 ERROR Empty response in data feed
2024-08-08T01:24:36+00:00 ERROR Empty response in data feed
2024-08-08T01:24:39+00:00 ERROR Empty response in data feed
2024-08-08T01:24:40+00:00 ERROR Empty response in data feed
2024-08-08T01:24:40+00:00 ERROR Empty response in data feed
2024-08-08T01:24:49+00:00 ERROR Empty response in data feed
2024-08-08T01:24:50+00:00 ERROR Empty response in data feed
2024-08-08T01:24:50+00:00 ERROR Empty response in data feed
2024-08-08T01:24:51+00:00 ERROR Empty response in data feed
2024-08-08T01:24:52+00:00 ERROR Empty response in data feed
2024-08-08T01:24:53+00:00 ERROR Empty response in data feed
2024-08-08T01:24:53+00:00 ERROR Empty response in data feed
2024-08-08T01:24:54+00:00 ERROR Empty response in data feed
2024-08-08T01:24:55+00:00 ERROR Empty response in data feed
2024-08-08T01:24:56+00:00 ERROR Empty response in data feed
2024-08-08T01:28:24+00:00 ERROR Empty response in data feed
2024-08-08T01:28:24+00:00 ERROR Empty response in data feed
2024-08-08T01:28:25+00:00 ERROR Empty response in data feed
2024-08-08T01:29:42+00:00 ERROR Empty response in data feed
2024-08-08T01:29:42+00:00 ERROR Empty response in data feed
2024-08-08T01:29:43+00:00 ERROR Empty response in data feed
2024-08-08T01:29:47+00:00 ERROR Empty response in data feed
2024-08-08T01:29:48+00:00 ERROR Empty response in data feed
2024-08-08T01:29:48+00:00 ERROR Empty response in data feed
2024-08-08T01:29:50+00:00 ERROR Empty response in data feed
2024-08-08T01:29:51+00:00 ERROR Empty response in data feed
2024-08-08T01:45:31+00:00 ERROR Empty response in data feed
2024-08-08T01:45:32+00:00 ERROR Empty response in data feed
2024-08-08T01:45:32+00:00 ERROR Empty response in data feed
2024-08-08T01:45:34+00:00 ERROR Empty response in data feed
2024-08-08T01:45:35+00:00 ERROR Empty response in data feed
2024-08-08T01:45:35+00:00 ERROR Empty response in data feed
2024-08-08T01:45:38+00:00 ERROR Empty response in data feed
2024-08-08T01:45:38+00:00 ERROR Empty response in data feed
2024-08-08T01:45:40+00:00 ERROR Empty response in data feed
2024-08-08T01:45:40+00:00 ERROR Empty response in data feed
2024-08-08T01:45:41+00:00 ERROR Empty response in data feed
2024-08-08T01:46:29+00:00 ERROR Empty response in data feed
2024-08-08T01:46:29+00:00 ERROR Empty response in data feed
2024-08-08T01:46:30+00:00 ERROR Empty response in data feed
2024-08-08T01:46:56+00:00 ERROR Empty response in data feed
2024-08-08T01:46:57+00:00 ERROR Empty response in data feed
2024-08-08T01:46:57+00:00 ERROR Empty response in data feed
2024-08-08T02:18:55+00:00 ERROR Empty response in data feed
2024-08-08T02:18:56+00:00 ERROR Empty response in data feed
2024-08-08T02:18:57+00:00 ERROR Empty response in data feed
2024-08-08T02:47:21+00:00 ERROR Empty response in data feed
2024-08-08T02:47:22+00:00 ERROR Empty response in data feed
2024-08-08T02:47:23+00:00 ERROR Empty response in data feed
2024-08-08T02:47:25+00:00 ERROR Empty response in data feed
2024-08-08T02:47:25+00:00 ERROR Empty response in data feed
2024-08-08T02:47:36+00:00 ERROR Empty response in data feed
2024-08-08T02:47:37+00:00 ERROR Empty response in data feed
2024-08-08T02:47:37+00:00 ERROR Empty response in data feed
2024-08-08T02:47:59+00:00 ERROR Empty response in data feed
2024-08-08T02:48:00+00:00 ERROR Empty response in data feed
2024-08-08T02:48:01+00:00 ERROR Empty response in data feed
2024-08-08T02:52:23+00:00 ERROR Empty response in data feed
2024-08-08T02:52:23+00:00 ERROR Empty response in data feed
2024-08-08T02:52:24+00:00 ERROR Empty response in data feed
2024-08-08T02:55:32+00:00 ERROR Empty response in data feed
2024-08-08T02:55:32+00:00 ERROR Empty response in data feed
2024-08-08T02:55:33+00:00 ERROR Empty response in data feed
2024-08-08T02:58:41+00:00 ERROR Empty response in data feed
2024-08-08T02:58:41+00:00 ERROR Empty response in data feed
2024-08-08T02:58:42+00:00 ERROR Empty response in data feed
2024-08-08T02:59:25+00:00 ERROR Empty response in data feed
2024-08-08T02:59:26+00:00 ERROR Empty response in data feed
2024-08-08T02:59:26+00:00 ERROR Empty response in data feed
2024-08-08T02:59:30+00:00 ERROR Empty response in data feed
2024-08-08T02:59:31+00:00 ERROR Empty response in data feed
2024-08-08T02:59:31+00:00 ERROR Error getting data feed
2024-08-08T02:59:31+00:00 ERROR WP_Error Object
(
    [errors] => Array
        (
            [http_request_failed] => Array
                (
                    [0] => cURL error 56: OpenSSL SSL_read: Connection was reset, errno 10054
                )

        )

    [error_data] => Array
        (
        )

    [additional_data:protected] => Array
        (
        )

)

2024-08-08T02:59:34+00:00 ERROR Empty response in data feed
2024-08-08T02:59:35+00:00 ERROR Empty response in data feed
2024-08-08T03:00:25+00:00 ERROR Empty response in data feed
2024-08-08T03:00:26+00:00 ERROR Empty response in data feed
2024-08-08T03:00:27+00:00 ERROR Empty response in data feed
2024-08-08T03:00:30+00:00 ERROR Empty response in data feed
2024-08-08T03:00:30+00:00 ERROR Empty response in data feed
2024-08-08T03:00:31+00:00 ERROR Empty response in data feed
2024-08-08T03:00:33+00:00 ERROR Empty response in data feed
2024-08-08T03:00:34+00:00 ERROR Empty response in data feed
2024-08-08T03:01:20+00:00 ERROR Empty response in data feed
2024-08-08T03:01:21+00:00 ERROR Empty response in data feed
2024-08-08T03:01:21+00:00 ERROR Empty response in data feed
2024-08-08T03:05:08+00:00 ERROR Empty response in data feed
2024-08-08T03:05:09+00:00 ERROR Empty response in data feed
2024-08-08T03:05:09+00:00 ERROR Empty response in data feed
2024-08-08T03:05:43+00:00 ERROR Empty response in data feed
2024-08-08T03:05:43+00:00 ERROR Empty response in data feed
2024-08-08T03:05:44+00:00 ERROR Empty response in data feed
2024-08-08T03:05:46+00:00 ERROR Empty response in data feed
2024-08-08T03:05:46+00:00 ERROR Empty response in data feed
2024-08-08T03:06:42+00:00 ERROR Empty response in data feed
2024-08-08T03:06:43+00:00 ERROR Empty response in data feed
2024-08-08T03:06:43+00:00 ERROR Empty response in data feed
2024-08-08T03:08:40+00:00 ERROR Empty response in data feed
2024-08-08T03:08:41+00:00 ERROR Empty response in data feed
2024-08-08T03:08:42+00:00 ERROR Empty response in data feed
2024-08-08T03:11:40+00:00 ERROR Empty response in data feed
2024-08-08T03:11:41+00:00 ERROR Empty response in data feed
2024-08-08T03:11:41+00:00 ERROR Empty response in data feed
2024-08-08T03:11:43+00:00 ERROR Empty response in data feed
2024-08-08T03:11:44+00:00 ERROR Empty response in data feed
2024-08-08T03:21:42+00:00 ERROR Empty response in data feed
2024-08-08T03:21:43+00:00 ERROR Empty response in data feed
2024-08-08T03:21:43+00:00 ERROR Empty response in data feed
2024-08-08T03:22:07+00:00 ERROR Empty response in data feed
2024-08-08T03:22:08+00:00 ERROR Empty response in data feed
2024-08-08T03:22:09+00:00 ERROR Empty response in data feed
2024-08-08T03:22:50+00:00 ERROR Empty response in data feed
2024-08-08T03:22:51+00:00 ERROR Empty response in data feed
2024-08-08T03:22:51+00:00 ERROR Empty response in data feed
2024-08-08T03:23:15+00:00 ERROR Empty response in data feed
2024-08-08T03:23:15+00:00 ERROR Empty response in data feed
2024-08-08T03:23:16+00:00 ERROR Empty response in data feed
2024-08-08T03:26:47+00:00 ERROR Empty response in data feed
2024-08-08T03:26:47+00:00 ERROR Empty response in data feed
2024-08-08T03:26:48+00:00 ERROR Empty response in data feed
2024-08-08T03:27:29+00:00 ERROR Empty response in data feed
2024-08-08T03:27:30+00:00 ERROR Empty response in data feed
2024-08-08T03:27:31+00:00 ERROR Empty response in data feed
2024-08-08T03:30:01+00:00 ERROR Empty response in data feed
2024-08-08T03:30:01+00:00 ERROR Empty response in data feed
2024-08-08T03:30:02+00:00 ERROR Empty response in data feed
2024-08-08T03:30:35+00:00 ERROR Empty response in data feed
2024-08-08T03:30:35+00:00 ERROR Empty response in data feed
2024-08-08T03:30:35+00:00 ERROR Empty response in data feed
2024-08-08T03:30:36+00:00 ERROR Empty response in data feed
2024-08-08T03:30:36+00:00 ERROR Empty response in data feed
2024-08-08T03:30:37+00:00 ERROR Empty response in data feed
2024-08-08T03:30:38+00:00 ERROR Empty response in data feed
2024-08-08T03:30:38+00:00 ERROR Empty response in data feed
2024-08-08T03:33:24+00:00 ERROR Empty response in data feed
2024-08-08T03:33:25+00:00 ERROR Empty response in data feed
2024-08-08T03:33:25+00:00 ERROR Empty response in data feed
2024-08-08T03:33:29+00:00 ERROR Empty response in data feed
2024-08-08T03:33:30+00:00 ERROR Empty response in data feed
2024-08-08T03:33:31+00:00 ERROR Empty response in data feed
2024-08-08T03:33:33+00:00 ERROR Empty response in data feed
2024-08-08T03:33:34+00:00 ERROR Empty response in data feed
2024-08-08T03:33:34+00:00 ERROR Empty response in data feed
2024-08-08T03:33:53+00:00 ERROR Empty response in data feed
2024-08-08T03:33:54+00:00 ERROR Empty response in data feed
2024-08-08T03:33:55+00:00 ERROR Empty response in data feed
2024-08-08T03:33:57+00:00 ERROR Empty response in data feed
2024-08-08T03:33:58+00:00 ERROR Empty response in data feed
2024-08-08T03:33:58+00:00 ERROR Empty response in data feed
2024-08-08T03:34:00+00:00 ERROR Empty response in data feed
2024-08-08T03:34:01+00:00 ERROR Empty response in data feed
2024-08-08T03:34:02+00:00 ERROR Empty response in data feed
2024-08-08T03:34:04+00:00 ERROR Empty response in data feed
2024-08-08T03:34:05+00:00 ERROR Empty response in data feed
2024-08-08T03:34:06+00:00 ERROR Empty response in data feed
2024-08-08T03:34:14+00:00 ERROR Empty response in data feed
2024-08-08T03:34:14+00:00 ERROR Empty response in data feed
2024-08-08T03:34:15+00:00 ERROR Empty response in data feed
2024-08-08T03:34:38+00:00 ERROR Empty response in data feed
2024-08-08T03:34:38+00:00 ERROR Empty response in data feed
2024-08-08T03:34:39+00:00 ERROR Empty response in data feed
2024-08-08T03:34:46+00:00 ERROR Empty response in data feed
2024-08-08T03:34:47+00:00 ERROR Empty response in data feed
2024-08-08T03:34:48+00:00 ERROR Empty response in data feed
2024-08-08T03:36:16+00:00 ERROR Empty response in data feed
2024-08-08T03:36:17+00:00 ERROR Empty response in data feed
2024-08-08T03:36:17+00:00 ERROR Empty response in data feed
2024-08-08T03:48:32+00:00 ERROR Empty response in data feed
2024-08-08T03:48:33+00:00 ERROR Empty response in data feed
2024-08-08T03:48:34+00:00 ERROR Empty response in data feed
2024-08-08T04:00:03+00:00 ERROR Empty response in data feed
2024-08-08T04:00:04+00:00 ERROR Empty response in data feed
2024-08-08T04:00:04+00:00 ERROR Empty response in data feed
